<?xml version="1.0" encoding="UTF-8"?>
<testsuite xmlns:xsi="http://www.w3.org/2001/XMLSchema-instance" xsi:noNamespaceSchemaLocation="https://maven.apache.org/surefire/maven-surefire-plugin/xsd/surefire-test-report.xsd" name="LoginBeanTest" time="0.907" tests="4" errors="0" skipped="0" failures="0">
  <properties>
[...]
</properties>
  <testcase name="whenAuthenticate_thenUserShouldBeLoggedIn" classname="LoginBeanTest" time="0.887"/>
  <testcase name="whenGetProfileURL_thenStringShouldBeReturned" classname="LoginBeanTest" time="0.003"/>
  <testcase name="whenGetAuthURL_thenStringShouldBeReturned" classname="LoginBeanTest" time="0.005"/>
  <testcase name="whenGetDate_thenLongShouldBeReturned" classname="LoginBeanTest" time="0.004"/>
</testsuite>